去哪儿网查到从厦门到哈尔滨最便宜的价格是905。这些日期是:2017-10-02 2017-10-03 
去哪儿网查到从厦门到西安最便宜的价格是670。这些日期是:2017-10-03 2017-10-05 
去哪儿网查到从厦门到兰州最便宜的价格是930。这些日期是:2017-10-05 
去哪儿网查到从厦门到拉萨最便宜的价格是2337。这些日期是:2017-10-04 2017-10-06 
去哪儿网查到从厦门到郑州最便宜的价格是722。这些日期是:2017-10-02 2017-10-04 
去哪儿网查到从厦门到哈尔滨最便宜的价格是905。这些日期是:2017-10-02 2017-10-03 
去哪儿网查到从厦门到西安最便宜的价格是670。这些日期是:2017-10-03 2017-10-05 
去哪儿网查到从厦门到兰州最便宜的价格是930。这些日期是:2017-10-05 
去哪儿网查到从厦门到拉萨最便宜的价格是2337。这些日期是:2017-10-04 2017-10-06 
去哪儿网查到从厦门到郑州最便宜的价格是722。这些日期是:2017-10-02 2017-10-04 
2017-09-20 17:32:36.180520去哪儿网查到从厦门到哈尔滨最便宜的价格是905。这些日期是:2017-10-02 2017-10-03 
2017-09-20 17:32:36.385889去哪儿网查到从厦门到西安最便宜的价格是670。这些日期是:2017-10-03 2017-10-05 
2017-09-20 17:32:36.603604去哪儿网查到从厦门到兰州最便宜的价格是930。这些日期是:2017-10-05 
2017-09-20 17:32:36.805708去哪儿网查到从厦门到拉萨最便宜的价格是2337。这些日期是:2017-10-04 2017-10-06 
2017-09-20 17:32:37.011664去哪儿网查到从厦门到郑州最便宜的价格是723。这些日期是:2017-10-02 2017-10-04 
2017-10-09 13:11:42.296926去哪儿网查到从厦门到哈尔滨最便宜的价格是611。这些日期是:2017-10-13 2017-10-14 
2017-10-09 13:11:42.672818去哪儿网查到从厦门到西安最便宜的价格是420。这些日期是:2017-10-13 
2017-10-09 13:11:44.773414去哪儿网查到从厦门到兰州最便宜的价格是610。这些日期是:2017-10-14 
2017-10-09 13:11:44.985050去哪儿网查到从厦门到拉萨最便宜的价格是2343。这些日期是:2017-10-11 2017-10-13 2017-10-14 
2017-10-09 13:11:45.179048去哪儿网查到从厦门到郑州最便宜的价格是424。这些日期是:2017-10-14 
2017-10-09 13:18:17.414132去哪儿网查到从厦门到哈尔滨最便宜的价格是611。这些日期是:2017-10-13 2017-10-14 
2017-10-09 13:18:17.630267去哪儿网查到从厦门到西安最便宜的价格是420。这些日期是:2017-10-13 
2017-10-09 13:18:17.845818去哪儿网查到从厦门到兰州最便宜的价格是610。这些日期是:2017-10-14 
2017-10-09 13:18:18.074261去哪儿网查到从厦门到拉萨最便宜的价格是2343。这些日期是:2017-10-11 2017-10-13 2017-10-14 
2017-10-09 13:18:18.283105去哪儿网查到从厦门到郑州最便宜的价格是424。这些日期是:2017-10-14 
2017-10-09 13:32:01.458281去哪儿网查到从厦门到哈尔滨最便宜的价格是611。这些日期是:2017-10-13 2017-10-14 
2017-10-09 13:32:01.670318去哪儿网查到从厦门到西安最便宜的价格是424。这些日期是:2017-10-12 
2017-10-09 13:32:01.946979去哪儿网查到从厦门到兰州最便宜的价格是610。这些日期是:2017-10-14 
2017-10-09 13:32:02.167544去哪儿网查到从厦门到拉萨最便宜的价格是2343。这些日期是:2017-10-11 2017-10-13 2017-10-14 
2017-10-09 13:32:02.364435去哪儿网查到从厦门到郑州最便宜的价格是424。这些日期是:2017-10-14 
